<?xml version="1.0" encoding="UTF-8"?>
<!-- Generated by org.testng.reporters.JUnitReportReporter -->
<testsuite hostname="DESKTOP-6QGRDUT" failures="0" tests="1" name="projectFiles.AutoDeskLogin" time="5.764" errors="0" timestamp="12 Jun 2024 01:26:42 GMT" skipped="0">
  <testcase classname="projectFiles.AutoDeskLogin" name="loginTest" time="5.764"/>
</testsuite> <!-- projectFiles.AutoDeskLogin -->
