<?xml version="1.0" encoding="UTF-8"?>
<!-- Generated by org.testng.reporters.JUnitReportReporter -->
<testsuite hostname="DESKTOP-6QGRDUT" failures="0" tests="1" name="projectFiles.AutoDeskCheckin" time="9.893" errors="0" timestamp="12 Jun 2024 01:26:42 GMT" skipped="0">
  <testcase classname="projectFiles.AutoDeskCheckin" name="checkAutoCad" time="9.893"/>
</testsuite> <!-- projectFiles.AutoDeskCheckin -->
